0 info it worked if it ends with ok
1 verbose cli [ '/usr/bin/nodejs', '/usr/bin/npm', 'run', 'watch:sass' ]
2 info using npm@3.5.2
3 info using node@v4.2.6
4 verbose run-script [ 'prewatch:sass', 'watch:sass', 'postwatch:sass' ]
5 info lifecycle rajohan.no@1.0.0~prewatch:sass: rajohan.no@1.0.0
6 silly lifecycle rajohan.no@1.0.0~prewatch:sass: no script for prewatch:sass, continuing
7 info lifecycle rajohan.no@1.0.0~watch:sass: rajohan.no@1.0.0
8 verbose lifecycle rajohan.no@1.0.0~watch:sass: unsafe-perm in lifecycle true
9 verbose lifecycle rajohan.no@1.0.0~watch:sass: PATH: /usr/share/npm/bin/node-gyp-bin:/var/www/html/node_modules/.bin:/home/rajohan/bin:/home/rajohan/.local/bin:/usr/local/sbin:/usr/local/bin:/usr/sbin:/usr/bin:/sbin:/bin:/usr/games:/usr/local/games:/snap/bin:/usr/lib/jvm/java-8-oracle/bin:/usr/lib/jvm/java-8-oracle/db/bin:/usr/lib/jvm/java-8-oracle/jre/bin
10 verbose lifecycle rajohan.no@1.0.0~watch:sass: CWD: /var/www/html
11 silly lifecycle rajohan.no@1.0.0~watch:sass: Args: [ '-c', 'node-sass sass/main.scss css/style.css -w' ]
12 silly lifecycle rajohan.no@1.0.0~watch:sass: Returned: code: 1  signal: null
13 info lifecycle rajohan.no@1.0.0~watch:sass: Failed to exec watch:sass script
14 verbose stack Error: rajohan.no@1.0.0 watch:sass: `node-sass sass/main.scss css/style.css -w`
14 verbose stack Exit status 1
14 verbose stack     at EventEmitter.<anonymous> (/usr/share/npm/lib/utils/lifecycle.js:232:16)
14 verbose stack     at emitTwo (events.js:87:13)
14 verbose stack     at EventEmitter.emit (events.js:172:7)
14 verbose stack     at ChildProcess.<anonymous> (/usr/share/npm/lib/utils/spawn.js:24:14)
14 verbose stack     at emitTwo (events.js:87:13)
14 verbose stack     at ChildProcess.emit (events.js:172:7)
14 verbose stack     at maybeClose (internal/child_process.js:821:16)
14 verbose stack     at Process.ChildProcess._handle.onexit (internal/child_process.js:211:5)
15 verbose pkgid rajohan.no@1.0.0
16 verbose cwd /var/www/html
17 error Linux 4.13.0-32-generic
18 error argv "/usr/bin/nodejs" "/usr/bin/npm" "run" "watch:sass"
19 error node v4.2.6
20 error npm  v3.5.2
21 error code ELIFECYCLE
22 error rajohan.no@1.0.0 watch:sass: `node-sass sass/main.scss css/style.css -w`
22 error Exit status 1
23 error Failed at the rajohan.no@1.0.0 watch:sass script 'node-sass sass/main.scss css/style.css -w'.
23 error Make sure you have the latest version of node.js and npm installed.
23 error If you do, this is most likely a problem with the rajohan.no package,
23 error not with npm itself.
23 error Tell the author that this fails on your system:
23 error     node-sass sass/main.scss css/style.css -w
23 error You can get information on how to open an issue for this project with:
23 error     npm bugs rajohan.no
23 error Or if that isn't available, you can get their info via:
23 error     npm owner ls rajohan.no
23 error There is likely additional logging output above.
24 verbose exit [ 1, true ]
